<?xml version="1.0" encoding="UTF-8"?>
<!-- Generated by org.testng.reporters.JUnitReportReporter -->
<testsuite hostname="DESKTOP-6S6P4JK" failures="0" tests="4" name="api.test.UserTest" time="10.595" errors="0" timestamp="2023-07-20T17:03:52 PKT" skipped="0">
  <testcase classname="api.test.UserTest" name="Testpostdata" time="5.541"/>
  <testcase classname="api.test.UserTest" name="TestGetUserByName" time="1.427"/>
  <testcase classname="api.test.UserTest" name="TestUpdateUserByName" time="2.459"/>
  <testcase classname="api.test.UserTest" name="TestDeleteUserByName" time="1.168"/>
</testsuite> <!-- api.test.UserTest -->
