<?xml version="1.0" encoding="UTF-8"?>
<!-- Generated by org.testng.reporters.JUnitReportReporter -->
<testsuite hostname="DESKTOP-6S6P4JK" failures="0" tests="6" name="api.test.DataDrivenTest" time="11.416" errors="0" timestamp="2023-07-22T11:57:21 PKT" skipped="0">
  <testcase classname="api.test.DataDrivenTest" name="Testpostdata" time="5.228"/>
  <testcase classname="api.test.DataDrivenTest" name="Testpostdata" time="1.370"/>
  <testcase classname="api.test.DataDrivenTest" name="Testpostdata" time="1.220"/>
  <testcase classname="api.test.DataDrivenTest" name="TestDeleteByUserName" time="1.168"/>
  <testcase classname="api.test.DataDrivenTest" name="TestDeleteByUserName" time="1.210"/>
  <testcase classname="api.test.DataDrivenTest" name="TestDeleteByUserName" time="1.220"/>
</testsuite> <!-- api.test.DataDrivenTest -->
