<?xml version="1.0" encoding="UTF-8"?>
<!-- Generated by org.testng.reporters.JUnitReportReporter -->
<testsuite hostname="DESKTOP-6S6P4JK" failures="0" tests="6" name="api.test.DataDrivenTest" time="11.630" errors="0" timestamp="2023-07-22T12:11:48 PKT" skipped="0">
  <testcase classname="api.test.DataDrivenTest" name="Testpostdata" time="1.187"/>
  <testcase classname="api.test.DataDrivenTest" name="Testpostdata" time="1.225"/>
  <testcase classname="api.test.DataDrivenTest" name="Testpostdata" time="5.665"/>
  <testcase classname="api.test.DataDrivenTest" name="TestDeleteByUserName" time="1.150"/>
  <testcase classname="api.test.DataDrivenTest" name="TestDeleteByUserName" time="1.210"/>
  <testcase classname="api.test.DataDrivenTest" name="TestDeleteByUserName" time="1.193"/>
</testsuite> <!-- api.test.DataDrivenTest -->
