<?xml version="1.0" encoding="UTF-8"?>
<!-- Generated by org.testng.reporters.JUnitReportReporter -->
<testsuite hostname="DESKTOP-6S6P4JK" failures="0" tests="4" name="api.test.UserTest" time="5.837" errors="0" timestamp="2023-07-22T12:11:48 PKT" skipped="0">
  <testcase classname="api.test.UserTest" name="Testpostdata" time="1.113"/>
  <testcase classname="api.test.UserTest" name="TestGetUserByName" time="1.174"/>
  <testcase classname="api.test.UserTest" name="TestUpdateUserByName" time="2.400"/>
  <testcase classname="api.test.UserTest" name="TestDeleteUserByName" time="1.150"/>
</testsuite> <!-- api.test.UserTest -->
