<?xml version="1.0" encoding="UTF-8"?>
<!-- Generated by org.testng.reporters.JUnitReportReporter -->
<testsuite hostname="DESKTOP-6S6P4JK" failures="0" tests="4" name="api.test.UserTest" time="5.900" errors="0" timestamp="2023-07-22T11:57:21 PKT" skipped="0">
  <testcase classname="api.test.UserTest" name="Testpostdata" time="1.223"/>
  <testcase classname="api.test.UserTest" name="TestGetUserByName" time="1.179"/>
  <testcase classname="api.test.UserTest" name="TestUpdateUserByName" time="2.312"/>
  <testcase classname="api.test.UserTest" name="TestDeleteUserByName" time="1.186"/>
</testsuite> <!-- api.test.UserTest -->
