<?xml version="1.0" encoding="UTF-8"?>
<!-- Generated by org.testng.reporters.JUnitReportReporter -->
<testsuite hostname="DESKTOP-6S6P4JK" failures="0" tests="6" name="api.test.DataDrivenTest" time="11.697" errors="0" timestamp="2023-07-22T11:40:34 PKT" skipped="0">
  <testcase classname="api.test.DataDrivenTest" name="Testpostdata" time="5.618"/>
  <testcase classname="api.test.DataDrivenTest" name="Testpostdata" time="1.191"/>
  <testcase classname="api.test.DataDrivenTest" name="Testpostdata" time="1.235"/>
  <testcase classname="api.test.DataDrivenTest" name="TestDeleteByUserName" time="1.191"/>
  <testcase classname="api.test.DataDrivenTest" name="TestDeleteByUserName" time="1.248"/>
  <testcase classname="api.test.DataDrivenTest" name="TestDeleteByUserName" time="1.214"/>
</testsuite> <!-- api.test.DataDrivenTest -->
